<?xml version="1.0" encoding="UTF-8"?>
<testsuite xmlns:xsi="http://www.w3.org/2001/XMLSchema-instance" xsi:noNamespaceSchemaLocation="https://maven.apache.org/surefire/maven-surefire-plugin/xsd/surefire-test-report.xsd" name="TestSuite" time="1.543" tests="6" errors="0" skipped="4" failures="2">
  <properties>
[...]
</properties>
  <testcase name="setUp" classname="testcase.swtestacademy" time="1.193">
    <failure message="Could not start a new session. Possible causes are invalid address of the remote server or browser start-up failure.&#10;Build info: version: &apos;3.5.3&apos;, revision: &apos;a88d25fe6b&apos;, time: &apos;2017-08-29T12:42:44.417Z&apos;&#10;System info: host: &apos;MacBook-Pro-Pras.local&apos;, ip: &apos;fe80:0:0:0:143f:75b8:876b:d61b%en0&apos;, os.name: &apos;Mac OS X&apos;, os.arch: &apos;x86_64&apos;, os.version: &apos;10.14&apos;, java.version: &apos;1.8.0_131&apos;&#10;Driver info: driver.version: RemoteWebDriver" type="org.openqa.selenium.remote.UnreachableBrowserException">org.openqa.selenium.remote.UnreachableBrowserException: 
Could not start a new session. Possible causes are invalid address of the remote server or browser start-up failure.
Build info: version: '3.5.3', revision: 'a88d25fe6b', time: '2017-08-29T12:42:44.417Z'
System info: host: 'MacBook-Pro-Pras.local', ip: 'fe80:0:0:0:143f:75b8:876b:d61b%en0', os.name: 'Mac OS X', os.arch: 'x86_64', os.version: '10.14', java.version: '1.8.0_131'
Driver info: driver.version: RemoteWebDriver
Caused by: org.apache.http.conn.HttpHostConnectException: Connect to 10.10.10.18:5555 [/10.10.10.18] failed: Connection refused (Connection refused)
Caused by: java.net.ConnectException: Connection refused (Connection refused)
</failure>
    <system-out><![CDATA[...
... TestNG 6.11 by Cédric Beust (cedric@beust.com)
...

*******************
*******************
Opening chrome driver
Opening chrome driver
]]></system-out>
    <system-err><![CDATA[log4j:WARN No appenders could be found for logger (org.apache.http.client.protocol.RequestAddCookies).
log4j:WARN No appenders could be found for logger (org.apache.http.client.protocol.RequestAddCookies).
log4j:WARN Please initialize the log4j system properly.
log4j:WARN Please initialize the log4j system properly.
]]></system-err>
  </testcase>
  <testcase name="setUp" classname="testcase.swtestacademy" time="1.194">
    <failure message="Could not start a new session. Possible causes are invalid address of the remote server or browser start-up failure.&#10;Build info: version: &apos;3.5.3&apos;, revision: &apos;a88d25fe6b&apos;, time: &apos;2017-08-29T12:42:44.417Z&apos;&#10;System info: host: &apos;MacBook-Pro-Pras.local&apos;, ip: &apos;fe80:0:0:0:143f:75b8:876b:d61b%en0&apos;, os.name: &apos;Mac OS X&apos;, os.arch: &apos;x86_64&apos;, os.version: &apos;10.14&apos;, java.version: &apos;1.8.0_131&apos;&#10;Driver info: driver.version: RemoteWebDriver" type="org.openqa.selenium.remote.UnreachableBrowserException">org.openqa.selenium.remote.UnreachableBrowserException: 
Could not start a new session. Possible causes are invalid address of the remote server or browser start-up failure.
Build info: version: '3.5.3', revision: 'a88d25fe6b', time: '2017-08-29T12:42:44.417Z'
System info: host: 'MacBook-Pro-Pras.local', ip: 'fe80:0:0:0:143f:75b8:876b:d61b%en0', os.name: 'Mac OS X', os.arch: 'x86_64', os.version: '10.14', java.version: '1.8.0_131'
Driver info: driver.version: RemoteWebDriver
Caused by: org.apache.http.conn.HttpHostConnectException: Connect to 10.10.10.18:5555 [/10.10.10.18] failed: Connection refused (Connection refused)
Caused by: java.net.ConnectException: Connection refused (Connection refused)
</failure>
  </testcase>
  <testcase name="setUp" classname="testcase.swtestacademy" time="0">
    <skipped/>
    <system-out><![CDATA[number of rows2
number of rows2
number of columns4
number of columns4
]]></system-out>
  </testcase>
  <testcase name="setUp" classname="testcase.swtestacademy" time="0">
    <skipped/>
  </testcase>
  <testcase name="scenario_satu" classname="testcase.swtestacademy" time="0">
    <skipped message="Could not start a new session. Possible causes are invalid address of the remote server or browser start-up failure.&#10;Build info: version: &apos;3.5.3&apos;, revision: &apos;a88d25fe6b&apos;, time: &apos;2017-08-29T12:42:44.417Z&apos;&#10;System info: host: &apos;MacBook-Pro-Pras.local&apos;, ip: &apos;fe80:0:0:0:143f:75b8:876b:d61b%en0&apos;, os.name: &apos;Mac OS X&apos;, os.arch: &apos;x86_64&apos;, os.version: &apos;10.14&apos;, java.version: &apos;1.8.0_131&apos;&#10;Driver info: driver.version: RemoteWebDriver"/>
  </testcase>
  <testcase name="scenario_satu" classname="testcase.swtestacademy" time="0">
    <skipped message="Could not start a new session. Possible causes are invalid address of the remote server or browser start-up failure.&#10;Build info: version: &apos;3.5.3&apos;, revision: &apos;a88d25fe6b&apos;, time: &apos;2017-08-29T12:42:44.417Z&apos;&#10;System info: host: &apos;MacBook-Pro-Pras.local&apos;, ip: &apos;fe80:0:0:0:143f:75b8:876b:d61b%en0&apos;, os.name: &apos;Mac OS X&apos;, os.arch: &apos;x86_64&apos;, os.version: &apos;10.14&apos;, java.version: &apos;1.8.0_131&apos;&#10;Driver info: driver.version: RemoteWebDriver"/>
  </testcase>
</testsuite>