-------------------------------------------------------------------------------
Test set: TestSuite
-------------------------------------------------------------------------------
Tests run: 1, Failures: 1, Errors: 0, Skipped: 0, Time elapsed: 74.132 s <<< FAILURE! - in TestSuite
scenario_satu(tc_addProduct.addProductBeforeLogin)  Time elapsed: 54.479 s  <<< FAILURE!
java.lang.AssertionError: expected [true] but found [false]
	at tc_addProduct.addProductBeforeLogin.scenario_satu(addProductBeforeLogin.java:106)

