-------------------------------------------------------------------------------
Test set: TestSuite
-------------------------------------------------------------------------------
Tests run: 1, Failures: 1, Errors: 0, Skipped: 0, Time elapsed: 19.118 s <<< FAILURE! - in TestSuite
scenario_satu(tc_addProduct.addProductImageUrl)  Time elapsed: 10.368 s  <<< FAILURE!
java.lang.AssertionError: expected [http://account.femaledaily] but found [http://account.femaledaily.net/]
	at tc_addProduct.addProductImageUrl.scenario_satu(addProductImageUrl.java:104)

