-------------------------------------------------------------------------------
Test set: TestSuite
-------------------------------------------------------------------------------
Tests run: 1, Failures: 1, Errors: 0, Skipped: 0, Time elapsed: 36.061 s <<< FAILURE! - in TestSuite
scenario_satu(tc_addProduct.addProductBeforeLoginThenLogin)  Time elapsed: 27.681 s  <<< FAILURE!
java.lang.AssertionError: expected [true] but found [false]
	at tc_addProduct.addProductBeforeLoginThenLogin.scenario_satu(addProductBeforeLoginThenLogin.java:107)

