<?xml version="1.0" encoding="UTF-8"?>
<testng-results ignored="0" total="1" passed="1" failed="0" skipped="0">
  <reporter-output>
  </reporter-output>
  <suite started-at="2019-06-20T09:41:09Z" name="Suite" finished-at="2019-06-20T09:41:56Z" duration-ms="47654">
    <groups>
    </groups>
    <test started-at="2019-06-20T09:41:09Z" name="Test" finished-at="2019-06-20T09:41:56Z" duration-ms="47654">
      <class name="tc_addProduct.addProductBeforeLogin">
        <test-method is-config="true" signature="setUp(java.lang.String)[pri:0, instance:tc_addProduct.addProductBeforeLogin@62ddbd7e]" started-at="2019-06-20T16:41:09Z" name="setUp" finished-at="2019-06-20T16:41:18Z" duration-ms="9768" status="PASS">
          <params>
            <param index="0">
              <value>
                <![CDATA[firefox]]>
              </value>
            </param>
          </params>
          <reporter-output>
          </reporter-output>
        </test-method> <!-- setUp -->
        <test-method signature="scenario_satu(java.lang.String, java.lang.String, java.lang.String, java.lang.String)[pri:0, instance:tc_addProduct.addProductBeforeLogin@62ddbd7e]" started-at="2019-06-20T16:41:18Z" name="scenario_satu" data-provider="getDataApply" finished-at="2019-06-20T16:41:55Z" duration-ms="36373" status="PASS">
          <params>
            <param index="0">
              <value>
                <![CDATA[myjne013@gmail.com]]>
              </value>
            </param>
            <param index="1">
              <value>
                <![CDATA[test123]]>
              </value>
            </param>
            <param index="2">
              <value>
                <![CDATA[test123]]>
              </value>
            </param>
            <param index="3">
              <value>
                <![CDATA[automationfirst]]>
              </value>
            </param>
          </params>
          <reporter-output>
          </reporter-output>
        </test-method> <!-- scenario_satu -->
        <test-method is-config="true" signature="tearDown()[pri:0, instance:tc_addProduct.addProductBeforeLogin@62ddbd7e]" started-at="2019-06-20T16:41:55Z" name="tearDown" finished-at="2019-06-20T16:41:56Z" duration-ms="1484" status="PASS">
          <reporter-output>
          </reporter-output>
        </test-method> <!-- tearDown -->
      </class> <!-- tc_addProduct.addProductBeforeLogin -->
    </test> <!-- Test -->
  </suite> <!-- Suite -->
</testng-results>
