<?xml version="1.0" encoding="UTF-8"?>
<!-- Generated by org.testng.reporters.JUnitXMLReporter -->
<testsuite hostname="MacBook-Pro" ignored="0" name="Test Firefox" tests="1" failures="1" timestamp="24 Jan 2018 10:50:12 GMT" time="0.042" errors="0">
  <testcase name="scenario_satu" time="0.015" classname="testcase.CheckoutNoSnap">
    <failure type="java.lang.NullPointerException">
      <![CDATA[java.lang.NullPointerException
	at testcase.CheckoutNoSnap.scenario_satu(CheckoutNoSnap.java:74)
	at java.util.concurrent.FutureTask.run(FutureTask.java:266)
	at java.util.concurrent.ThreadPoolExecutor.runWorker(ThreadPoolExecutor.java:1142)
	at java.util.concurrent.ThreadPoolExecutor$Worker.run(ThreadPoolExecutor.java:617)
	at java.lang.Thread.run(Thread.java:745)
... Removed 16 stack frames]]>
    </failure>
  </testcase> <!-- scenario_satu -->
</testsuite> <!-- Test Firefox -->
