<?xml version="1.0" encoding="UTF-8"?>
<!-- Generated by org.testng.reporters.JUnitXMLReporter -->
<testsuite ignored="0" hostname="MacBook-Pro-Pras.local" failures="1" tests="1" name="Test" time="35.541" errors="0" timestamp="29 May 2019 09:29:22 GMT">
  <testcase classname="tc_addProduct.addProductBeforeLoginThenLogin" name="scenario_satu" time="27.617">
    <failure type="java.lang.AssertionError" message="expected [true] but found [false]">
      <![CDATA[java.lang.AssertionError: expected [true] but found [false]
	at tc_addProduct.addProductBeforeLoginThenLogin.scenario_satu(addProductBeforeLoginThenLogin.java:107)
	at java.base/java.util.concurrent.FutureTask.run(FutureTask.java:264)
	at java.base/java.util.concurrent.ThreadPoolExecutor.runWorker(ThreadPoolExecutor.java:1128)
	at java.base/java.util.concurrent.ThreadPoolExecutor$Worker.run(ThreadPoolExecutor.java:628)
	at java.base/java.lang.Thread.run(Thread.java:834)
... Removed 20 stack frames]]>
    </failure>
  </testcase> <!-- scenario_satu -->
</testsuite> <!-- Test -->
