<?xml version="1.0" encoding="UTF-8"?>
<!-- Generated by org.testng.reporters.JUnitXMLReporter -->
<testsuite ignored="0" hostname="MacBook-Pro-Pras.local" failures="1" tests="1" name="Test1" time="66.762" errors="0" timestamp="15 May 2019 12:39:58 GMT">
  <testcase classname="tc_addProduct.addProductBeforeLogin" name="@AfterMethod tearDown" time="2.034">
    <failure type="org.openqa.selenium.WebDriverException" message="Failed to decode response from marionette
Build info: version: &amp;apos;3.5.3&amp;apos;, revision: &amp;apos;a88d25fe6b&amp;apos;, time: &amp;apos;2017-08-29T12:42:44.417Z&amp;apos;
System info: host: &amp;apos;MacBook-Pro-Pras.local&amp;apos;, ip: &amp;apos;fe80:0:0:0:18d9:1be5:f0c1:30b6%en0&amp;apos;, os.name: &amp;apos;Mac OS X&amp;apos;, os.arch: &amp;apos;x86_64&amp;apos;, os.version: &amp;apos;10.14&amp;apos;, java.version: &amp;apos;11.0.1&amp;apos;
Driver info: org.openqa.selenium.remote.RemoteWebDriver
Capabilities [{moz:profile=/tmp/rust_mozprofile.4FjFuj1T7quw, rotatable=false, moz:geckodriverVersion=0.24.0, timeouts={implicit=0, pageLoad=300000, script=30000}, pageLoadStrategy=normal, unhandledPromptBehavior=dismiss and notify, strictFileInteractability=false, moz:headless=false, platform=LINUX, moz:accessibilityChecks=false, moz:useNonSpecCompliantPointerOrigin=false, webdriver.remote.sessionid=43ef85c4-d7f3-43f7-82c4-d84cdc706081, acceptInsecureCerts=true, browserVersion=66.0.3, moz:shutdownTimeout=60000, platformVersion=4.14.116-boot2docker, moz:processID=59, browserName=firefox, javascriptEnabled=true, platformName=LINUX, setWindowRect=true, moz:webdriverClick=true}]
Session ID: 43ef85c4-d7f3-43f7-82c4-d84cdc706081">
      <![CDATA[org.openqa.selenium.WebDriverException: Failed to decode response from marionette
Build info: version: '3.5.3', revision: 'a88d25fe6b', time: '2017-08-29T12:42:44.417Z'
System info: host: 'MacBook-Pro-Pras.local', ip: 'fe80:0:0:0:18d9:1be5:f0c1:30b6%en0', os.name: 'Mac OS X', os.arch: 'x86_64', os.version: '10.14', java.version: '11.0.1'
Driver info: org.openqa.selenium.remote.RemoteWebDriver
Capabilities [{moz:profile=/tmp/rust_mozprofile.4FjFuj1T7quw, rotatable=false, moz:geckodriverVersion=0.24.0, timeouts={implicit=0, pageLoad=300000, script=30000}, pageLoadStrategy=normal, unhandledPromptBehavior=dismiss and notify, strictFileInteractability=false, moz:headless=false, platform=LINUX, moz:accessibilityChecks=false, moz:useNonSpecCompliantPointerOrigin=false, webdriver.remote.sessionid=43ef85c4-d7f3-43f7-82c4-d84cdc706081, acceptInsecureCerts=true, browserVersion=66.0.3, moz:shutdownTimeout=60000, platformVersion=4.14.116-boot2docker, moz:processID=59, browserName=firefox, javascriptEnabled=true, platformName=LINUX, setWindowRect=true, moz:webdriverClick=true}]
Session ID: 43ef85c4-d7f3-43f7-82c4-d84cdc706081
	at org.openqa.selenium.remote.http.W3CHttpResponseCodec.createException(W3CHttpResponseCodec.java:185)
	at org.openqa.selenium.remote.http.W3CHttpResponseCodec.decode(W3CHttpResponseCodec.java:120)
	at org.openqa.selenium.remote.http.W3CHttpResponseCodec.decode(W3CHttpResponseCodec.java:49)
	at org.openqa.selenium.remote.HttpCommandExecutor.execute(HttpCommandExecutor.java:164)
	at org.openqa.selenium.remote.RemoteWebDriver.execute(RemoteWebDriver.java:646)
	at org.openqa.selenium.remote.RemoteWebDriver.execute(RemoteWebDriver.java:703)
	at org.openqa.selenium.remote.RemoteWebDriver.close(RemoteWebDriver.java:532)
	at tc_addProduct.addProductBeforeLogin.tearDown(addProductBeforeLogin.java:119)
	at java.base/java.util.concurrent.FutureTask.run(FutureTask.java:264)
	at java.base/java.util.concurrent.ThreadPoolExecutor.runWorker(ThreadPoolExecutor.java:1128)
	at java.base/java.util.concurrent.ThreadPoolExecutor$Worker.run(ThreadPoolExecutor.java:628)
	at java.base/java.lang.Thread.run(Thread.java:834)
... Removed 22 stack frames]]>
    </failure>
  </testcase> <!-- @AfterMethod tearDown -->
  <testcase classname="tc_addProduct.addProductImageUrl" name="scenario_satu" time="53.299">
    <failure type="org.openqa.selenium.TimeoutException" message="Expected condition failed: waiting for visibility of element located by By.xpath: //*[@id=&amp;apos;__next&amp;apos;]/div/div/div[2]/h1 (tried for 5 second(s) with 500 MILLISECONDS interval)">
      <![CDATA[org.openqa.selenium.TimeoutException: Expected condition failed: waiting for visibility of element located by By.xpath: //*[@id='__next']/div/div/div[2]/h1 (tried for 5 second(s) with 500 MILLISECONDS interval)
	at org.openqa.selenium.support.ui.WebDriverWait.timeoutException(WebDriverWait.java:80)
	at org.openqa.selenium.support.ui.FluentWait.until(FluentWait.java:232)
	at assertObject.assertHome.welcomingpopup(assertHome.java:28)
	at tc_addProduct.addProductImageUrl.scenario_satu(addProductImageUrl.java:117)
	at java.base/java.util.concurrent.FutureTask.run(FutureTask.java:264)
	at java.base/java.util.concurrent.ThreadPoolExecutor.runWorker(ThreadPoolExecutor.java:1128)
	at java.base/java.util.concurrent.ThreadPoolExecutor$Worker.run(ThreadPoolExecutor.java:628)
	at java.base/java.lang.Thread.run(Thread.java:834)
Caused by: org.openqa.selenium.NoSuchElementException: Cannot locate an element using By.xpath: //*[@id='__next']/div/div/div[2]/h1
For documentation on this error, please visit: http://seleniumhq.org/exceptions/no_such_element.html
Build info: version: '3.5.3', revision: 'a88d25fe6b', time: '2017-08-29T12:42:44.417Z'
System info: host: 'MacBook-Pro-Pras.local', ip: 'fe80:0:0:0:18d9:1be5:f0c1:30b6%en0', os.name: 'Mac OS X', os.arch: 'x86_64', os.version: '10.14', java.version: '11.0.1'
Driver info: driver.version: unknown
	at org.openqa.selenium.support.ui.ExpectedConditions.lambda$findElement$0(ExpectedConditions.java:883)
	at java.base/java.util.Optional.orElseThrow(Optional.java:408)
	at org.openqa.selenium.support.ui.ExpectedConditions.findElement(ExpectedConditions.java:882)
	at org.openqa.selenium.support.ui.ExpectedConditions.access$000(ExpectedConditions.java:44)
	at org.openqa.selenium.support.ui.ExpectedConditions$7.apply(ExpectedConditions.java:206)
	at org.openqa.selenium.support.ui.ExpectedConditions$7.apply(ExpectedConditions.java:202)
	at org.openqa.selenium.support.ui.FluentWait.until(FluentWait.java:209)
	... 22 more
... Removed 16 stack frames]]>
    </failure>
  </testcase> <!-- scenario_satu -->
</testsuite> <!-- Test1 -->
