<?xml version="1.0" encoding="UTF-8"?>
<!-- Generated by org.testng.reporters.JUnitXMLReporter -->
<testsuite ignored="0" hostname="MacBook-Pro-Pras.local" failures="0" tests="1" name="Test" time="0.037" errors="0" timestamp="01 Jun 2019 02:37:35 GMT">
  <testcase classname="tc_addProduct.addProductBeforeLogin" name="@BeforeTest setUp" time="0.01">
    <failure type="java.io.FileNotFoundException" message="/Users/mac/Documents/Automation/maven-pipeline/Automation-Master/target/src_controller/resources/data.properties (No such file or directory)">
      <![CDATA[java.io.FileNotFoundException: /Users/mac/Documents/Automation/maven-pipeline/Automation-Master/target/src_controller/resources/data.properties (No such file or directory)
	at java.base/java.io.FileInputStream.open0(Native Method)
	at java.base/java.io.FileInputStream.open(FileInputStream.java:219)
	at java.base/java.io.FileInputStream.<init>(FileInputStream.java:157)
	at java.base/java.io.FileInputStream.<init>(FileInputStream.java:112)
	at resources.Controller.getDriver(Controller.java:73)
	at tc_addProduct.addProductBeforeLogin.setUp(addProductBeforeLogin.java:55)
	at java.base/jdk.internal.reflect.NativeMethodAccessorImpl.invoke0(Native Method)
	at java.base/jdk.internal.reflect.NativeMethodAccessorImpl.invoke(NativeMethodAccessorImpl.java:62)
	at java.base/jdk.internal.reflect.DelegatingMethodAccessorImpl.invoke(DelegatingMethodAccessorImpl.java:43)
	at java.base/java.lang.reflect.Method.invoke(Method.java:566)
	at org.testng.internal.MethodInvocationHelper.invokeMethod(MethodInvocationHelper.java:108)
	at org.testng.internal.Invoker.invokeConfigurationMethod(Invoker.java:523)
	at org.testng.internal.Invoker.invokeConfigurations(Invoker.java:224)
	at org.testng.internal.Invoker.invokeConfigurations(Invoker.java:146)
	at org.testng.TestRunner.beforeRun(TestRunner.java:626)
	at org.testng.TestRunner.run(TestRunner.java:594)
	at org.testng.SuiteRunner.runTest(SuiteRunner.java:380)
	at org.testng.SuiteRunner.access$000(SuiteRunner.java:39)
	at org.testng.SuiteRunner$SuiteWorker.run(SuiteRunner.java:414)
	at org.testng.internal.thread.ThreadUtil$1.call(ThreadUtil.java:52)
	at java.base/java.util.concurrent.FutureTask.run(FutureTask.java:264)
	at java.base/java.util.concurrent.ThreadPoolExecutor.runWorker(ThreadPoolExecutor.java:1128)
	at java.base/java.util.concurrent.ThreadPoolExecutor$Worker.run(ThreadPoolExecutor.java:628)
	at java.base/java.lang.Thread.run(Thread.java:834)
]]>
    </failure>
  </testcase> <!-- @BeforeTest setUp -->
  <testcase classname="tc_addProduct.addProductBeforeLogin" name="scenario_satu" time="0.0">
    <skipped/>
  </testcase> <!-- scenario_satu -->
</testsuite> <!-- Test -->
