<?xml version="1.0" encoding="UTF-8"?>
<testng-results ignored="0" total="1" passed="1" failed="0" skipped="0">
  <reporter-output>
  </reporter-output>
  <suite started-at="2019-06-27T09:47:03Z" name="Suite" finished-at="2019-06-27T09:48:08Z" duration-ms="64556">
    <groups>
    </groups>
    <test started-at="2019-06-27T09:47:03Z" name="Test" finished-at="2019-06-27T09:48:08Z" duration-ms="64556">
      <class name="tc_addProduct.addProductBeforeLogin">
        <test-method is-config="true" signature="setUp(java.lang.String)[pri:0, instance:tc_addProduct.addProductBeforeLogin@4550bb58]" started-at="2019-06-27T16:47:03Z" name="setUp" finished-at="2019-06-27T16:47:21Z" duration-ms="17517" status="PASS">
          <params>
            <param index="0">
              <value>
                <![CDATA[firefox]]>
              </value>
            </param>
          </params>
          <reporter-output>
          </reporter-output>
        </test-method> <!-- setUp -->
        <test-method signature="scenario_satu(java.lang.String, java.lang.String, java.lang.String, java.lang.String)[pri:0, instance:tc_addProduct.addProductBeforeLogin@4550bb58]" started-at="2019-06-27T16:47:21Z" name="scenario_satu" data-provider="getDataApply" finished-at="2019-06-27T16:48:06Z" duration-ms="44166" status="PASS">
          <params>
            <param index="0">
              <value>
                <![CDATA[myjne013@gmail.com]]>
              </value>
            </param>
            <param index="1">
              <value>
                <![CDATA[test123]]>
              </value>
            </param>
            <param index="2">
              <value>
                <![CDATA[test123]]>
              </value>
            </param>
            <param index="3">
              <value>
                <![CDATA[automationfirst]]>
              </value>
            </param>
          </params>
          <reporter-output>
          </reporter-output>
        </test-method> <!-- scenario_satu -->
        <test-method is-config="true" signature="tearDown()[pri:0, instance:tc_addProduct.addProductBeforeLogin@4550bb58]" started-at="2019-06-27T16:48:06Z" name="tearDown" finished-at="2019-06-27T16:48:08Z" duration-ms="2300" status="PASS">
          <reporter-output>
          </reporter-output>
        </test-method> <!-- tearDown -->
      </class> <!-- tc_addProduct.addProductBeforeLogin -->
    </test> <!-- Test -->
  </suite> <!-- Suite -->
</testng-results>
